app/build/intermediates/manifest_merge_blame_file/debug/processDebugMainManifest/manifest-merger-blame-debug-report.txt
1<?xml version="1.0" encoding="utf-8"?>
2<manifest xmlns:android="http://schemas.android.com/apk/res/android"
3    package="com.alpha.obd2logger"
4    android:versionCode="3"
5    android:versionName="2.1.0" >
6
7    <uses-sdk
7-->INJECTED
8        android:minSdkVersion="23"
8-->INJECTED
9        android:targetSdkVersion="35" />
9-->INJECTED
10
11    <uses-permission android:name="android.permission.INTERNET" />
11-->src\main\AndroidManifest.xml:3:5-67
11-->src\main\AndroidManifest.xml:3:22-64
12    <uses-permission android:name="android.permission.ACCESS_NETWORK_STATE" />
12-->src\main\AndroidManifest.xml:4:5-79
12-->src\main\AndroidManifest.xml:4:22-76
13    <uses-permission android:name="android.permission.ACCESS_WIFI_STATE" />
13-->src\main\AndroidManifest.xml:5:5-76
13-->src\main\AndroidManifest.xml:5:22-73
14    <uses-permission
14-->src\main\AndroidManifest.xml:7:5-95
15        android:name="android.permission.BLUETOOTH"
15-->src\main\AndroidManifest.xml:7:22-65
16        android:maxSdkVersion="30" />
16-->src\main\AndroidManifest.xml:7:66-92
17    <uses-permission
17-->src\main\AndroidManifest.xml:8:5-101
18        android:name="android.permission.BLUETOOTH_ADMIN"
18-->src\main\AndroidManifest.xml:8:22-71
19        android:maxSdkVersion="30" />
19-->src\main\AndroidManifest.xml:8:72-98
20    <uses-permission android:name="android.permission.BLUETOOTH_CONNECT" />
20-->src\main\AndroidManifest.xml:9:5-76
20-->src\main\AndroidManifest.xml:9:22-73
21    <uses-permission
21-->src\main\AndroidManifest.xml:10:5-120
22        android:name="android.permission.BLUETOOTH_SCAN"
22-->src\main\AndroidManifest.xml:10:22-70
23        android:usesPermissionFlags="neverForLocation" />
23-->src\main\AndroidManifest.xml:10:71-117
24    <uses-permission android:name="android.permission.ACCESS_FINE_LOCATION" />
24-->src\main\AndroidManifest.xml:12:5-79
24-->src\main\AndroidManifest.xml:12:22-76
25    <uses-permission android:name="android.permission.ACCESS_COARSE_LOCATION" />
25-->src\main\AndroidManifest.xml:13:5-81
25-->src\main\AndroidManifest.xml:13:22-78
26
27    <!-- Foreground service for background OBD2 logging -->
28    <uses-permission android:name="android.permission.FOREGROUND_SERVICE" />
28-->src\main\AndroidManifest.xml:16:5-77
28-->src\main\AndroidManifest.xml:16:22-74
29    <uses-permission android:name="android.permission.FOREGROUND_SERVICE_CONNECTED_DEVICE" />
29-->src\main\AndroidManifest.xml:17:5-94
29-->src\main\AndroidManifest.xml:17:22-91
30    <uses-permission android:name="android.permission.POST_NOTIFICATIONS" />
30-->src\main\AndroidManifest.xml:18:5-77
30-->src\main\AndroidManifest.xml:18:22-74
31    <uses-permission android:name="android.permission.WAKE_LOCK" />
31-->src\main\AndroidManifest.xml:19:5-68
31-->src\main\AndroidManifest.xml:19:22-65
32    <uses-permission android:name="android.permission.REQUEST_IGNORE_BATTERY_OPTIMIZATIONS" />
32-->src\main\AndroidManifest.xml:20:5-95
32-->src\main\AndroidManifest.xml:20:22-92
33
34    <uses-feature
34-->src\main\AndroidManifest.xml:22:5-88
35        android:name="android.hardware.bluetooth"
35-->src\main\AndroidManifest.xml:22:19-60
36        android:required="false" />
36-->src\main\AndroidManifest.xml:22:61-85
37    <uses-feature
37-->src\main\AndroidManifest.xml:23:5-91
38        android:name="android.hardware.bluetooth_le"
38-->src\main\AndroidManifest.xml:23:19-63
39        android:required="false" />
39-->src\main\AndroidManifest.xml:23:64-88
40    <uses-feature
40-->src\main\AndroidManifest.xml:24:5-87
41        android:name="android.hardware.usb.host"
41-->src\main\AndroidManifest.xml:24:19-59
42        android:required="false" />
42-->src\main\AndroidManifest.xml:24:60-84
43
44    <permission
44-->[androidx.core:core:1.13.1] AndroidManifest.xml:22:5-24:47
45        android:name="com.alpha.obd2logger.DYNAMIC_RECEIVER_NOT_EXPORTED_PERMISSION"
45-->[androidx.core:core:1.13.1] AndroidManifest.xml:23:9-81
46        android:protectionLevel="signature" />
46-->[androidx.core:core:1.13.1] AndroidManifest.xml:24:9-44
47
48    <uses-permission android:name="com.alpha.obd2logger.DYNAMIC_RECEIVER_NOT_EXPORTED_PERMISSION" />
48-->[androidx.core:core:1.13.1] AndroidManifest.xml:26:5-97
48-->[androidx.core:core:1.13.1] AndroidManifest.xml:26:22-94
49
50    <application
50-->src\main\AndroidManifest.xml:26:5-59:19
51        android:allowBackup="true"
51-->src\main\AndroidManifest.xml:27:9-35
52        android:appComponentFactory="androidx.core.app.CoreComponentFactory"
52-->[androidx.core:core:1.13.1] AndroidManifest.xml:28:18-86
53        android:debuggable="true"
54        android:extractNativeLibs="false"
54-->INJECTED
55        android:icon="@mipmap/ic_launcher"
55-->src\main\AndroidManifest.xml:28:9-43
56        android:label="@string/app_name"
56-->src\main\AndroidManifest.xml:30:9-41
57        android:roundIcon="@mipmap/ic_launcher_round"
57-->src\main\AndroidManifest.xml:29:9-54
58        android:supportsRtl="true"
58-->src\main\AndroidManifest.xml:31:9-35
59        android:theme="@style/AppTheme"
59-->src\main\AndroidManifest.xml:32:9-40
60        android:usesCleartextTraffic="true" >
60-->src\main\AndroidManifest.xml:33:9-44
61        <provider
61-->INJECTED
62            android:name="androidx.core.content.FileProvider"
62-->src\main\AndroidManifest.xml:36:13-62
63            android:authorities="com.alpha.obd2logger.fileprovider"
63-->INJECTED
64            android:exported="false"
64-->src\main\AndroidManifest.xml:38:13-37
65            android:grantUriPermissions="true" >
65-->src\main\AndroidManifest.xml:39:13-47
66            <meta-data
66-->src\main\AndroidManifest.xml:40:13-42:54
67                android:name="android.support.FILE_PROVIDER_PATHS"
67-->src\main\AndroidManifest.xml:41:17-67
68                android:resource="@xml/file_paths" />
68-->src\main\AndroidManifest.xml:42:17-51
69        </provider>
70
71        <activity
71-->src\main\AndroidManifest.xml:45:9-53:20
72            android:name="com.alpha.obd2logger.MainActivity"
72-->src\main\AndroidManifest.xml:46:13-41
73            android:configChanges="orientation|screenSize|keyboardHidden"
73-->src\main\AndroidManifest.xml:48:13-74
74            android:exported="true" >
74-->src\main\AndroidManifest.xml:47:13-36
75            <intent-filter>
75-->src\main\AndroidManifest.xml:49:13-52:29
76                <action android:name="android.intent.action.MAIN" />
76-->src\main\AndroidManifest.xml:50:17-69
76-->src\main\AndroidManifest.xml:50:25-66
77
78                <category android:name="android.intent.category.LAUNCHER" />
78-->src\main\AndroidManifest.xml:51:17-77
78-->src\main\AndroidManifest.xml:51:27-74
79            </intent-filter>
80        </activity>
81
82        <service
82-->src\main\AndroidManifest.xml:55:9-58:63
83            android:name="com.alpha.obd2logger.LoggerService"
83-->src\main\AndroidManifest.xml:56:13-42
84            android:exported="false"
84-->src\main\AndroidManifest.xml:57:13-37
85            android:foregroundServiceType="connectedDevice" />
85-->src\main\AndroidManifest.xml:58:13-60
86
87        <provider
87-->[androidx.emoji2:emoji2:1.2.0] AndroidManifest.xml:24:9-32:20
88            android:name="androidx.startup.InitializationProvider"
88-->[androidx.emoji2:emoji2:1.2.0] AndroidManifest.xml:25:13-67
89            android:authorities="com.alpha.obd2logger.androidx-startup"
89-->[androidx.emoji2:emoji2:1.2.0] AndroidManifest.xml:26:13-68
90            android:exported="false" >
90-->[androidx.emoji2:emoji2:1.2.0] AndroidManifest.xml:27:13-37
91            <meta-data
91-->[androidx.emoji2:emoji2:1.2.0] AndroidManifest.xml:29:13-31:52
92                android:name="androidx.emoji2.text.EmojiCompatInitializer"
92-->[androidx.emoji2:emoji2:1.2.0] AndroidManifest.xml:30:17-75
93                android:value="androidx.startup" />
93-->[androidx.emoji2:emoji2:1.2.0] AndroidManifest.xml:31:17-49
94            <meta-data
94-->[androidx.lifecycle:lifecycle-process:2.6.2] AndroidManifest.xml:29:13-31:52
95                android:name="androidx.lifecycle.ProcessLifecycleInitializer"
95-->[androidx.lifecycle:lifecycle-process:2.6.2] AndroidManifest.xml:30:17-78
96                android:value="androidx.startup" />
96-->[androidx.lifecycle:lifecycle-process:2.6.2] AndroidManifest.xml:31:17-49
97            <meta-data
97-->[androidx.profileinstaller:profileinstaller:1.3.0] AndroidManifest.xml:29:13-31:52
98                android:name="androidx.profileinstaller.ProfileInstallerInitializer"
98-->[androidx.profileinstaller:profileinstaller:1.3.0] AndroidManifest.xml:30:17-85
99                android:value="androidx.startup" />
99-->[androidx.profileinstaller:profileinstaller:1.3.0] AndroidManifest.xml:31:17-49
100        </provider>
101
102        <receiver
102-->[androidx.profileinstaller:profileinstaller:1.3.0] AndroidManifest.xml:34:9-52:20
103            android:name="androidx.profileinstaller.ProfileInstallReceiver"
103-->[androidx.profileinstaller:profileinstaller:1.3.0] AndroidManifest.xml:35:13-76
104            android:directBootAware="false"
104-->[androidx.profileinstaller:profileinstaller:1.3.0] AndroidManifest.xml:36:13-44
105            android:enabled="true"
105-->[androidx.profileinstaller:profileinstaller:1.3.0] AndroidManifest.xml:37:13-35
106            android:exported="true"
106-->[androidx.profileinstaller:profileinstaller:1.3.0] AndroidManifest.xml:38:13-36
107            android:permission="android.permission.DUMP" >
107-->[androidx.profileinstaller:profileinstaller:1.3.0] AndroidManifest.xml:39:13-57
108            <intent-filter>
108-->[androidx.profileinstaller:profileinstaller:1.3.0] AndroidManifest.xml:40:13-42:29
109                <action android:name="androidx.profileinstaller.action.INSTALL_PROFILE" />
109-->[androidx.profileinstaller:profileinstaller:1.3.0] AndroidManifest.xml:41:17-91
109-->[androidx.profileinstaller:profileinstaller:1.3.0] AndroidManifest.xml:41:25-88
110            </intent-filter>
111            <intent-filter>
111-->[androidx.profileinstaller:profileinstaller:1.3.0] AndroidManifest.xml:43:13-45:29
112                <action android:name="androidx.profileinstaller.action.SKIP_FILE" />
112-->[androidx.profileinstaller:profileinstaller:1.3.0] AndroidManifest.xml:44:17-85
112-->[androidx.profileinstaller:profileinstaller:1.3.0] AndroidManifest.xml:44:25-82
113            </intent-filter>
114            <intent-filter>
114-->[androidx.profileinstaller:profileinstaller:1.3.0] AndroidManifest.xml:46:13-48:29
115                <action android:name="androidx.profileinstaller.action.SAVE_PROFILE" />
115-->[androidx.profileinstaller:profileinstaller:1.3.0] AndroidManifest.xml:47:17-88
115-->[androidx.profileinstaller:profileinstaller:1.3.0] AndroidManifest.xml:47:25-85
116            </intent-filter>
117            <intent-filter>
117-->[androidx.profileinstaller:profileinstaller:1.3.0] AndroidManifest.xml:49:13-51:29
118                <action android:name="androidx.profileinstaller.action.BENCHMARK_OPERATION" />
118-->[androidx.profileinstaller:profileinstaller:1.3.0] AndroidManifest.xml:50:17-95
118-->[androidx.profileinstaller:profileinstaller:1.3.0] AndroidManifest.xml:50:25-92
119            </intent-filter>
120        </receiver>
121    </application>
122
123</manifest>